<!DOCTYPE html PUBLIC "-//W3C//DTD XHTML 1.1//EN" "https://www.w3.org/TR/xhtml11/DTD/xhtml11.dtd">
<html xmlns="https://www.w3.org/1999/xhtml">
<head>
<meta http-equiv="content-type" content="text/html; charset=UTF-8"/>
<title>TestNG Report</title>
<style type="text/css">table {margin-bottom:10px;border-collapse:collapse;empty-cells:show}th,td {border:1px solid #009;padding:.25em .5em}th {vertical-align:bottom}td {vertical-align:top}table a {font-weight:bold}.stripe td {background-color: #E6EBF9}.num {text-align:right}.passedodd td {background-color: #3F3}.passedeven td {background-color: #0A0}.skippedodd td {background-color: #DDD}.skippedeven td {background-color: #CCC}.failedodd td,.attn {background-color: #F33}.failedeven td,.stripe .attn {background-color: #D00}.stacktrace {white-space:pre;font-family:monospace}.totop {font-size:85%;text-align:center;border-bottom:2px solid #000}.invisible {display:none}</style>
</head>
<body>
<table>
<tr><th>Test</th><th># Passed</th><th># Skipped</th><th># Retried</th><th># Failed</th><th>Time (ms)</th><th>Included Groups</th><th>Excluded Groups</th></tr>
<tr><th colspan="8">Surefire suite</th></tr>
<tr><td><a href="#t0">Surefire test</a></td><td class="num">6</td><td class="num">0</td><td class="num">0</td><td class="num attn">2</td><td class="num">201,425</td><td></td><td></td></tr>
</table>
<table id='summary'><thead><tr><th>Class</th><th>Method</th><th>Start</th><th>Time (ms)</th></tr></thead><tbody><tr><th colspan="4">Surefire suite</th></tr></tbody><tbody id="t0"><tr><th colspan="4">Surefire test &#8212; failed</th></tr><tr class="failedeven"><td rowspan="1">orangehrm.qa.testScripts.RecruitmentPageTest</td><td><a href="#m0">checkRecruitmentTable</a></td><td rowspan="1">1652682170799</td><td rowspan="1">11953</td></tr><tr class="failedodd"><td rowspan="1">orangehrm.qa.testScripts.loginPageTest</td><td><a href="#m1">checkTitle</a></td><td rowspan="1">1652682135183</td><td rowspan="1">33</td></tr><tr><th colspan="4">Surefire test &#8212; passed</th></tr><tr class="passedeven"><td rowspan="1">orangehrm.qa.testScripts.AssignLeaveTest</td><td><a href="#m2">CheckAssignLeave</a></td><td rowspan="1">1652682029652</td><td rowspan="1">15282</td></tr><tr class="passedodd"><td rowspan="2">orangehrm.qa.testScripts.dashBoardTest</td><td><a href="#m3">checkAssignLeaveLogo</a></td><td rowspan="1">1652682059720</td><td rowspan="1">10023</td></tr><tr class="passedodd"><td><a href="#m4">leaveListLogo</a></td><td rowspan="1">1652682081746</td><td rowspan="1">7662</td></tr><tr class="passedeven"><td rowspan="3">orangehrm.qa.testScripts.loginPageTest</td><td><a href="#m5">checkLogin</a></td><td rowspan="1">1652682101702</td><td rowspan="1">8019</td></tr><tr class="passedeven"><td><a href="#m6">checkLogo</a></td><td rowspan="1">1652682122322</td><td rowspan="1">100</td></tr><tr class="passedeven"><td><a href="#m7">checkURL</a></td><td rowspan="1">1652682156163</td><td rowspan="1">33</td></tr></tbody>
</table>
<h2>Surefire test</h2><h3 id="m0">orangehrm.qa.testScripts.RecruitmentPageTest#checkRecruitmentTable</h3><table class="result"><tr><th>Exception</th></tr><tr><td><div class="stacktrace">org.openqa.selenium.NoSuchElementException: no such element: Unable to locate element: {&quot;method&quot;:&quot;xpath&quot;,&quot;selector&quot;:&quot;//input[@name=&apos;txtUsername&apos;]&quot;}
  (Session info: chrome=101.0.4951.64)
For documentation on this error, please visit: https://selenium.dev/exceptions/#no_such_element
Build info: version: &apos;4.1.3&apos;, revision: &apos;7b1ebf28ef&apos;
System info: host: &apos;APL-5CD102GWVV&apos;, ip: &apos;192.168.228.15&apos;, os.name: &apos;Windows 10&apos;, os.arch: &apos;amd64&apos;, os.version: &apos;10.0&apos;, java.version: &apos;1.8.0_232&apos;
Driver info: org.openqa.selenium.chrome.ChromeDriver
Command: [34eaa06a55df21a4de15f98b29da657c, findElement {using=xpath, value=//input[@name=&apos;txtUsername&apos;]}]
Capabilities {acceptInsecureCerts: false, browserName: chrome, browserVersion: 101.0.4951.64, chrome: {chromedriverVersion: 100.0.4896.60 (6a5d10861ce8..., userDataDir: C:\WINDOWS\TEMP\scoped_dir2...}, goog:chromeOptions: {debuggerAddress: localhost:55474}, javascriptEnabled: true, networkConnectionEnabled: false, pageLoadStrategy: normal, platform: WINDOWS, platformName: WINDOWS, proxy: Proxy(), se:cdp: ws://localhost:55474/devtoo..., se:cdpVersion: 101.0.4951.64, setWindowRect: true, strictFileInteractability: false, timeouts: {implicit: 0, pageLoad: 300000, script: 30000}, unhandledPromptBehavior: dismiss and notify, webauthn:extension:credBlob: true, webauthn:extension:largeBlob: true, webauthn:virtualAuthenticators: true}
Session ID: 34eaa06a55df21a4de15f98b29da657c
	at org.openqa.selenium.remote.codec.w3c.W3CHttpResponseCodec.createException(W3CHttpResponseCodec.java:200)
	at org.openqa.selenium.remote.codec.w3c.W3CHttpResponseCodec.decode(W3CHttpResponseCodec.java:133)
	at org.openqa.selenium.remote.codec.w3c.W3CHttpResponseCodec.decode(W3CHttpResponseCodec.java:53)
	at org.openqa.selenium.remote.HttpCommandExecutor.execute(HttpCommandExecutor.java:184)
	at org.openqa.selenium.remote.service.DriverCommandExecutor.invokeExecute(DriverCommandExecutor.java:167)
	at org.openqa.selenium.remote.service.DriverCommandExecutor.execute(DriverCommandExecutor.java:142)
	at org.openqa.selenium.remote.RemoteWebDriver.execute(RemoteWebDriver.java:567)
	at org.openqa.selenium.remote.ElementLocation$ElementFinder$2.findElement(ElementLocation.java:162)
	at org.openqa.selenium.remote.ElementLocation.findElement(ElementLocation.java:60)
	at org.openqa.selenium.remote.RemoteWebDriver.findElement(RemoteWebDriver.java:385)
	at org.openqa.selenium.remote.RemoteWebDriver.findElement(RemoteWebDriver.java:377)
	at org.openqa.selenium.support.pagefactory.DefaultElementLocator.findElement(DefaultElementLocator.java:70)
	at org.openqa.selenium.support.pagefactory.internal.LocatingElementHandler.invoke(LocatingElementHandler.java:39)
	at com.sun.proxy.$Proxy12.sendKeys(Unknown Source)
	at orangehrm.qa.pages.loginPage.enterUsername(loginPage.java:33)
	at orangehrm.qa.testScripts.RecruitmentPageTest.checkRecruitmentTable(RecruitmentPageTest.java:13)
	at java.util.ArrayList.forEach(ArrayList.java:1257)
... Removed 35 stack frames</div></td></tr></table><p class="totop"><a href="#summary">back to summary</a></p>
<h3 id="m1">orangehrm.qa.testScripts.loginPageTest#checkTitle</h3><table class="result"><tr><th>Exception</th></tr><tr><td><div class="stacktrace">java.lang.AssertionError: The following asserts failed:
	expected [OrangeHRm] but found [OrangeHRM]
	at orangehrm.qa.pages.loginPage.Title(loginPage.java:55)
	at orangehrm.qa.testScripts.loginPageTest.checkTitle(loginPageTest.java:20)
	at java.util.ArrayList.forEach(ArrayList.java:1257)
... Removed 33 stack frames</div></td></tr></table><p class="totop"><a href="#summary">back to summary</a></p>
<h3 id="m2">orangehrm.qa.testScripts.AssignLeaveTest#CheckAssignLeave</h3><table class="result"><tr><th class="invisible"/></tr></table><p class="totop"><a href="#summary">back to summary</a></p>
<h3 id="m3">orangehrm.qa.testScripts.dashBoardTest#checkAssignLeaveLogo</h3><table class="result"><tr><th class="invisible"/></tr></table><p class="totop"><a href="#summary">back to summary</a></p>
<h3 id="m4">orangehrm.qa.testScripts.dashBoardTest#leaveListLogo</h3><table class="result"><tr><th class="invisible"/></tr></table><p class="totop"><a href="#summary">back to summary</a></p>
<h3 id="m5">orangehrm.qa.testScripts.loginPageTest#checkLogin</h3><table class="result"><tr><th class="invisible"/></tr></table><p class="totop"><a href="#summary">back to summary</a></p>
<h3 id="m6">orangehrm.qa.testScripts.loginPageTest#checkLogo</h3><table class="result"><tr><th class="invisible"/></tr></table><p class="totop"><a href="#summary">back to summary</a></p>
<h3 id="m7">orangehrm.qa.testScripts.loginPageTest#checkURL</h3><table class="result"><tr><th class="invisible"/></tr></table><p class="totop"><a href="#summary">back to summary</a></p>
</body>
</html>
